生成启动时间为 2015/7/6 16:09:04。
     1>项目“E:\作业\C++\作业\20142966-下学期-8-黄伟鹏\wp-8-3\wp-8-3\wp-8-3.vcxproj”在节点 2 上(build 个目标)。
     1>InitializeBuildStatus:
         正在创建“Debug\wp-8-3.unsuccessfulbuild”，因为已指定“AlwaysCreate”。
       ClCompile:
         D:\Program Files (x86)\Microsoft Visual Studio 10.0\VC\bin\CL.exe /c /ZI /nologo /W3 /WX- /Od /Oy- /D WIN32 /D _DEBUG /D _CONSOLE /D _UNICODE /D UNICODE /Gm /EHsc /RTC1 /MDd /GS /fp:precise /Zc:wchar_t /Zc:forScope /Fo"Debug\\" /Fd"Debug\vc100.pdb" /Gd /TP /analyze- /errorReport:prompt animal.cpp cat.cpp liebao.cpp main.cpp
         main.cpp
         liebao.cpp
         cat.cpp
         animal.cpp
         正在生成代码...
       Link:
         D:\Program Files (x86)\Microsoft Visual Studio 10.0\VC\bin\link.exe /ERRORREPORT:PROMPT /OUT:"E:\作业\C++\作业\20142966-下学期-8-黄伟鹏\wp-8-3\Debug\wp-8-3.exe" /INCREMENTAL /NOLOGO kernel32.lib user32.lib gdi32.lib winspool.lib comdlg32.lib advapi32.lib shell32.lib ole32.lib oleaut32.lib uuid.lib odbc32.lib odbccp32.lib /MANIFEST /ManifestFile:"Debug\wp-8-3.exe.intermediate.manifest" /MANIFESTUAC:"level='asInvoker' uiAccess='false'" /DEBUG /PDB:"E:\作业\C++\作业\20142966-下学期-8-黄伟鹏\wp-8-3\Debug\wp-8-3.pdb" /SUBSYSTEM:CONSOLE /TLBID:1 /DYNAMICBASE /NXCOMPAT /IMPLIB:"E:\作业\C++\作业\20142966-下学期-8-黄伟鹏\wp-8-3\Debug\wp-8-3.lib" /MACHINE:X86 Debug\animal.obj
         Debug\cat.obj
         Debug\liebao.obj
         Debug\main.obj
         wp-8-3.vcxproj -> E:\作业\C++\作业\20142966-下学期-8-黄伟鹏\wp-8-3\Debug\wp-8-3.exe
       Manifest:
         C:\Program Files (x86)\Microsoft SDKs\Windows\v7.0A\bin\mt.exe /nologo /verbose /out:"E:\作业\C++\作业\20142966-下学期-8-黄伟鹏\wp-8-3\Debug\wp-8-3.exe.manifest" /manifest "Debug\wp-8-3.exe.intermediate.manifest"
       FinalizeBuildStatus:
         正在删除文件“Debug\wp-8-3.unsuccessfulbuild”。
         正在对“Debug\wp-8-3.lastbuildstate”执行 Touch 任务。
     1>已完成生成项目“E:\作业\C++\作业\20142966-下学期-8-黄伟鹏\wp-8-3\wp-8-3\wp-8-3.vcxproj”(build 个目标)的操作。

生成成功。

已用时间 00:00:06.79
