生成启动时间为 2015/4/17 15:47:41。
     1>项目“E:\作业\wp-7-4\wp-7-4\wp-7-4.vcxproj”在节点 2 上(build 个目标)。
     1>InitializeBuildStatus:
         正在创建“Debug\wp-7-4.unsuccessfulbuild”，因为已指定“AlwaysCreate”。
       ClCompile:
         C:\Program Files\Microsoft Visual Studio 10.0\VC\bin\CL.exe /c /ZI /nologo /W3 /WX- /Od /Oy- /D WIN32 /D _DEBUG /D _CONSOLE /D _UNICODE /D UNICODE /Gm /EHsc /RTC1 /MDd /GS /fp:precise /Zc:wchar_t /Zc:forScope /Fo"Debug\\" /Fd"Debug\vc100.pdb" /Gd /TP /analyze- /errorReport:prompt time.cpp "wp-7-4.cpp"
         wp-7-4.cpp
         time.cpp
         正在生成代码...
       ManifestResourceCompile:
         所有输出均为最新。
       Link:
         C:\Program Files\Microsoft Visual Studio 10.0\VC\bin\link.exe /ERRORREPORT:PROMPT /OUT:"E:\作业\wp-7-4\Debug\wp-7-4.exe" /INCREMENTAL /NOLOGO kernel32.lib user32.lib gdi32.lib winspool.lib comdlg32.lib advapi32.lib shell32.lib ole32.lib oleaut32.lib uuid.lib odbc32.lib odbccp32.lib /MANIFEST /ManifestFile:"Debug\wp-7-4.exe.intermediate.manifest" /MANIFESTUAC:"level='asInvoker' uiAccess='false'" /DEBUG /PDB:"E:\作业\wp-7-4\Debug\wp-7-4.pdb" /SUBSYSTEM:CONSOLE /TLBID:1 /DYNAMICBASE /NXCOMPAT /IMPLIB:"E:\作业\wp-7-4\Debug\wp-7-4.lib" /MACHINE:X86 "Debug\wp-7-4.exe.embed.manifest.res"
         Debug\time.obj
         "Debug\wp-7-4.obj"
       Manifest:
         C:\Program Files\Microsoft SDKs\Windows\v7.0A\bin\mt.exe /nologo /verbose /out:"Debug\wp-7-4.exe.embed.manifest" /manifest "Debug\wp-7-4.exe.intermediate.manifest"
         所有输出均为最新。
       LinkEmbedManifest:
         所有输出均为最新。
         wp-7-4.vcxproj -> E:\作业\wp-7-4\Debug\wp-7-4.exe
       FinalizeBuildStatus:
         正在删除文件“Debug\wp-7-4.unsuccessfulbuild”。
         正在对“Debug\wp-7-4.lastbuildstate”执行 Touch 任务。
     1>已完成生成项目“E:\作业\wp-7-4\wp-7-4\wp-7-4.vcxproj”(build 个目标)的操作。

生成成功。

已用时间 00:00:09.26
